[debug] [2022-04-22T14:22:47.715Z] ----------------------------------------------------------------------
[debug] [2022-04-22T14:22:47.720Z] Command:       C:\Program Files\nodejs\node.exe C:\Users\tui_t\AppData\Roaming\npm\node_modules\firebase-tools\lib\bin\firebase.js init
[debug] [2022-04-22T14:22:47.721Z] CLI Version:   10.7.1
[debug] [2022-04-22T14:22:47.721Z] Platform:      win32
[debug] [2022-04-22T14:22:47.722Z] Node Version:  v16.14.2
[debug] [2022-04-22T14:22:47.745Z] Time:          Fri Apr 22 2022 21:22:47 GMT+0700 (Indochina Time)
[debug] [2022-04-22T14:22:47.746Z] ----------------------------------------------------------------------
[debug] 
[debug] [2022-04-22T14:22:47.870Z] > command requires scopes: ["email","openid","https://www.googleapis.com/auth/cloudplatformprojects.readonly","https://www.googleapis.com/auth/firebase","https://www.googleapis.com/auth/cloud-platform"]
[debug] [2022-04-22T14:22:47.871Z] > authorizing via signed-in user (tui.turbo@gmail.com)
[info] 
     ######## #### ########  ######## ########     ###     ######  ########
     ##        ##  ##     ## ##       ##     ##  ##   ##  ##       ##
     ######    ##  ########  ######   ########  #########  ######  ######
     ##        ##  ##    ##  ##       ##     ## ##     ##       ## ##
     ##       #### ##     ## ######## ########  ##     ##  ######  ########

You're about to initialize a Firebase project in this directory:

  C:\React Practice\riceberry

Before we get started, keep in mind:

  * You are currently outside your home directory
  * You are initializing within an existing Firebase project directory

[info] 
=== Project Setup
[info] 
[info] First, let's associate this project directory with a Firebase project.
[info] You can create multiple project aliases by running firebase use --add, 
[info] but for now we'll just set up a default project.
[info] 
[debug] [2022-04-22T14:23:00.714Z] Using project from CLI flag: riceberry-a995a
[debug] [2022-04-22T14:23:00.719Z] > refreshing access token with scopes: []
[debug] [2022-04-22T14:23:00.720Z] >>> HTTP REQUEST POST https://www.googleapis.com/oauth2/v3/token  
 <request body omitted>
[debug] [2022-04-22T14:23:01.146Z] <<< HTTP RESPONSE 400 {"cache-control":"no-cache, no-store, max-age=0, must-revalidate","expires":"Mon, 01 Jan 1990 00:00:00 GMT","date":"Fri, 22 Apr 2022 14:22:52 GMT","pragma":"no-cache","content-type":"application/json; charset=utf-8","vary":"X-Origin, Referer, Origin,Accept-Encoding","server":"scaffolding on HTTPServer2","x-xss-protection":"0","x-frame-options":"SAMEORIGIN","x-content-type-options":"nosniff","alt-svc":"h3=\":443\"; ma=2592000,h3-29=\":443\"; ma=2592000,h3-Q050=\":443\"; ma=2592000,h3-Q046=\":443\"; ma=2592000,h3-Q043=\":443\"; ma=2592000,quic=\":443\"; ma=2592000; v=\"46,43\"","accept-ranges":"none","transfer-encoding":"chunked"}
[debug] [2022-04-22T14:23:01.153Z] >>> [apiv2][query] GET https://firebase.googleapis.com/v1beta1/projects/riceberry-a995a [none]
[debug] [2022-04-22T14:23:01.770Z] <<< [apiv2][status] GET https://firebase.googleapis.com/v1beta1/projects/riceberry-a995a 401
[debug] [2022-04-22T14:23:01.770Z] <<< [apiv2][body] GET https://firebase.googleapis.com/v1beta1/projects/riceberry-a995a {"error":{"code":401,"message":"Request had invalid authentication credentials. Expected OAuth 2 access token, login cookie or other valid authentication credential. See https://developers.google.com/identity/sign-in/web/devconsole-project.","status":"UNAUTHENTICATED"}}
[debug] [2022-04-22T14:23:01.771Z] HTTP Error: 401, Request had invalid authentication credentials. Expected OAuth 2 access token, login cookie or other valid authentication credential. See https://developers.google.com/identity/sign-in/web/devconsole-project.
[debug] [2022-04-22T14:23:01.999Z] FirebaseError: HTTP Error: 401, Request had invalid authentication credentials. Expected OAuth 2 access token, login cookie or other valid authentication credential. See https://developers.google.com/identity/sign-in/web/devconsole-project.
    at module.exports (C:\Users\tui_t\AppData\Roaming\npm\node_modules\firebase-tools\lib\responseToError.js:47:12)
    at RetryOperation._fn (C:\Users\tui_t\AppData\Roaming\npm\node_modules\firebase-tools\lib\apiv2.js:286:39)
    at processTicksAndRejections (node:internal/process/task_queues:96:5)
[error] 
[error] Error: Failed to get Firebase project riceberry-a995a. Please make sure the project exists and your account has permission to access it.
